0 info it worked if it ends with ok
1 verbose cli [ 'D:\\Program Files\\nodejs\\node.exe',
1 verbose cli   'D:\\Program Files\\nodejs\\node_modules\\npm\\bin\\npm-cli.js',
1 verbose cli   'link' ]
2 info using npm@3.10.3
3 info using node@v6.3.0
4 verbose linkPkg D:\work\rename\rename
5 verbose stack Error: ENOENT: no such file or directory, open 'D:\work\rename\rename\package.json'
5 verbose stack     at Error (native)
6 verbose cwd D:\work\rename\rename
7 error Windows_NT 10.0.10586
8 error argv "D:\\Program Files\\nodejs\\node.exe" "D:\\Program Files\\nodejs\\node_modules\\npm\\bin\\npm-cli.js" "link"
9 error node v6.3.0
10 error npm  v3.10.3
11 error path D:\work\rename\rename\package.json
12 error code ENOENT
13 error errno -4058
14 error syscall open
15 error enoent ENOENT: no such file or directory, open 'D:\work\rename\rename\package.json'
16 error enoent ENOENT: no such file or directory, open 'D:\work\rename\rename\package.json'
16 error enoent This is most likely not a problem with npm itself
16 error enoent and is related to npm not being able to find a file.
17 verbose exit [ -4058, true ]
